<?xml version="1.0" encoding="UTF-8"?>
<!-- Generated by org.testng.reporters.JUnitReportReporter -->
<testsuite hostname="Lenovo-PC" failures="0" tests="1" name="newtest.TestGET" time="9.926" errors="0" timestamp="2020-04-15T21:39:36 CEST" skipped="0">
  <testcase classname="newtest.TestGET" name="testOne" time="9.926"/>
  <system-out/>
</testsuite> <!-- newtest.TestGET -->
